<?xml version="1.0" encoding="UTF-8"?>
<!-- Generated by org.testng.reporters.JUnitReportReporter -->
<testsuite hostname="DESKTOP-OSLRFP5" failures="0" tests="2" name="com.ehm.qa.testcases.ConditionPageTest" time="31.650" errors="0" timestamp="2024-01-06T17:40:49 IST" skipped="0">
  <testcase classname="com.ehm.qa.testcases.ConditionPageTest" name="VerifyConditionPageTitleTest" time="11.330"/>
  <testcase classname="com.ehm.qa.testcases.ConditionPageTest" name="VerifyConditionPageTest" time="20.320"/>
</testsuite> <!-- com.ehm.qa.testcases.ConditionPageTest -->
