<?xml version="1.0" encoding="UTF-8"?>
<!-- Generated by org.testng.reporters.JUnitReportReporter -->
<testsuite hostname="DESKTOP-OSLRFP5" failures="0" tests="3" name="com.ehm.qa.testcases.LoginPageCategoriesTest" time="27.133" errors="0" timestamp="2023-12-31T18:14:13 IST" skipped="0">
  <testcase classname="com.ehm.qa.testcases.LoginPageCategoriesTest" name="VerifyEhomeImageTest" time="11.534"/>
  <testcase classname="com.ehm.qa.testcases.LoginPageCategoriesTest" name="VerifyEhomeLoginPageTest" time="9.203"/>
  <testcase classname="com.ehm.qa.testcases.LoginPageCategoriesTest" name="VerifyLoginPageTitleTest" time="6.396"/>
</testsuite> <!-- com.ehm.qa.testcases.LoginPageCategoriesTest -->
