<?xml version="1.0" encoding="UTF-8"?>
<!-- Generated by org.testng.reporters.JUnitReportReporter -->
<testsuite hostname="DESKTOP-OSLRFP5" failures="0" tests="1" name="com.ehm.qa.testcases.HomePageCategoriesTest" time="35.467" errors="0" timestamp="2023-12-31T19:38:40 IST" skipped="0">
  <testcase classname="com.ehm.qa.testcases.HomePageCategoriesTest" name="VerifyHomepageDashboardTest" time="35.467"/>
</testsuite> <!-- com.ehm.qa.testcases.HomePageCategoriesTest -->
