<?xml version="1.0" encoding="UTF-8"?>
<!-- Generated by org.testng.reporters.JUnitReportReporter -->
<testsuite hostname="DESKTOP-OSLRFP5" failures="0" tests="2" name="com.ehm.qa.testcases.HolidaysPageTest" time="33.914" errors="0" timestamp="2024-01-06T17:40:49 IST" skipped="0">
  <testcase classname="com.ehm.qa.testcases.HolidaysPageTest" name="VerifyHolidaysPageTitleTest" time="10.882"/>
  <testcase classname="com.ehm.qa.testcases.HolidaysPageTest" name="VerifyHolidaysPageTest" time="23.032"/>
</testsuite> <!-- com.ehm.qa.testcases.HolidaysPageTest -->
