<?xml version="1.0" encoding="UTF-8"?>
<!-- Generated by org.testng.reporters.JUnitReportReporter -->
<testsuite hostname="DESKTOP-OSLRFP5" failures="0" tests="2" name="com.ehm.qa.testcases.CategoryPageTest" time="31.159" errors="0" timestamp="2024-01-06T17:40:49 IST" skipped="0">
  <testcase classname="com.ehm.qa.testcases.CategoryPageTest" name="VerifyCategoryPageTest" time="20.272"/>
  <testcase classname="com.ehm.qa.testcases.CategoryPageTest" name="VerifyCategoryPageTitleTest" time="10.887"/>
</testsuite> <!-- com.ehm.qa.testcases.CategoryPageTest -->
