<?xml version="1.0" encoding="UTF-8"?>
<!-- Generated by org.testng.reporters.JUnitReportReporter -->
<testsuite hostname="DESKTOP-OSLRFP5" failures="0" tests="2" name="com.ehm.qa.testcases.ShiftsPageTest" time="36.459" errors="0" timestamp="2024-01-06T17:40:49 IST" skipped="0">
  <testcase classname="com.ehm.qa.testcases.ShiftsPageTest" name="VerifyShiftsPageTitleTest" time="12.155"/>
  <testcase classname="com.ehm.qa.testcases.ShiftsPageTest" name="VerifyShiftsPageTest" time="24.304"/>
</testsuite> <!-- com.ehm.qa.testcases.ShiftsPageTest -->
