<?xml version="1.0" encoding="UTF-8"?>
<!-- Generated by org.testng.reporters.JUnitReportReporter -->
<testsuite hostname="DESKTOP-OSLRFP5" failures="0" tests="2" name="com.ehm.qa.testcases.InventoryStatusPageTest" time="31.431" errors="0" timestamp="2024-01-06T17:40:49 IST" skipped="0">
  <testcase classname="com.ehm.qa.testcases.InventoryStatusPageTest" name="VerifyInventoryStatusPageTitleTest" time="10.990"/>
  <testcase classname="com.ehm.qa.testcases.InventoryStatusPageTest" name="VerifyInventoryStatusPageTest" time="20.441"/>
</testsuite> <!-- com.ehm.qa.testcases.InventoryStatusPageTest -->
