<?xml version="1.0" encoding="UTF-8"?>
<!-- Generated by org.testng.reporters.JUnitReportReporter -->
<testsuite hostname="DESKTOP-OSLRFP5" failures="0" tests="1" name="com.ehm.qa.testcases.AddUserTypePageTest" time="0.000" errors="0" timestamp="2023-12-30T17:15:57 IST" skipped="1">
  <testcase classname="com.ehm.qa.testcases.AddUserTypePageTest" name="VerifyAddUserTypePageTest" time="0.000">
    <skipped/>
  </testcase> <!-- VerifyAddUserTypePageTest -->
  <system-out/>
</testsuite> <!-- com.ehm.qa.testcases.AddUserTypePageTest -->
