<?xml version="1.0" encoding="UTF-8"?>
<!-- Generated by org.testng.reporters.JUnitReportReporter -->
<testsuite hostname="DESKTOP-OSLRFP5" failures="0" tests="3" name="com.ehm.qa.testcases.LoginPageTest" time="18.026" errors="0" timestamp="2024-02-19T16:11:01 IST" skipped="0">
  <testcase classname="com.ehm.qa.testcases.LoginPageTest" name="VerifyEhomeLoginPageTest" time="6.992"/>
  <testcase classname="com.ehm.qa.testcases.LoginPageTest" name="VerifyLoginPageTitleTest" time="5.280"/>
  <testcase classname="com.ehm.qa.testcases.LoginPageTest" name="VerifyEhomeImageTest" time="5.754"/>
</testsuite> <!-- com.ehm.qa.testcases.LoginPageTest -->
