<?xml version="1.0" encoding="UTF-8"?>
<!-- Generated by org.testng.reporters.JUnitReportReporter -->
<testsuite hostname="DESKTOP-OSLRFP5" failures="0" tests="2" name="com.ehm.qa.testcases.SubCategoryPageTest" time="35.491" errors="0" timestamp="2024-01-06T17:40:49 IST" skipped="0">
  <testcase classname="com.ehm.qa.testcases.SubCategoryPageTest" name="VefirySubcategoryPageTitleTest" time="11.284"/>
  <testcase classname="com.ehm.qa.testcases.SubCategoryPageTest" name="VerifySubcategoryPageTest" time="24.207"/>
</testsuite> <!-- com.ehm.qa.testcases.SubCategoryPageTest -->
