<?xml version="1.0" encoding="UTF-8"?>
<!-- Generated by org.testng.reporters.JUnitReportReporter -->
<testsuite hostname="DESKTOP-OSLRFP5" failures="0" tests="2" name="com.ehm.qa.testcases.MRPFactorPageTest" time="35.149" errors="0" timestamp="2024-01-06T17:40:49 IST" skipped="0">
  <testcase classname="com.ehm.qa.testcases.MRPFactorPageTest" name="VerifyInventoryStatusPageTitleTest" time="13.251"/>
  <testcase classname="com.ehm.qa.testcases.MRPFactorPageTest" name="VerifyInventoryStatusPageTest" time="21.898"/>
</testsuite> <!-- com.ehm.qa.testcases.MRPFactorPageTest -->
