<?xml version="1.0" encoding="UTF-8"?>
<!-- Generated by org.testng.reporters.JUnitReportReporter -->
<testsuite hostname="DESKTOP-OSLRFP5" failures="0" tests="2" name="com.ehm.qa.testcases.HomePageTest" time="17.885" errors="0" timestamp="2024-01-06T17:40:49 IST" skipped="0">
  <testcase classname="com.ehm.qa.testcases.HomePageTest" name="VerifyEhomePageTitleTest" time="6.818"/>
  <testcase classname="com.ehm.qa.testcases.HomePageTest" name="VerifyHomepageDashboardTest" time="11.067"/>
</testsuite> <!-- com.ehm.qa.testcases.HomePageTest -->
